<?xml version="1.0" encoding="UTF-8"?>
<testng-results ignored="0" total="1" passed="1" failed="0" skipped="0">
  <reporter-output>
  </reporter-output>
  <suite started-at="2022-11-29T23:54:07 IST" name="Suite" finished-at="2022-11-29T23:54:07 IST" duration-ms="38">
    <groups>
    </groups>
    <test started-at="2022-11-29T23:54:07 IST" name="Test" finished-at="2022-11-29T23:54:07 IST" duration-ms="38">
      <class name="Concatination.Concat">
        <test-method signature="assign()[pri:0, instance:Concatination.Concat@1af2d44a]" started-at="2022-11-29T23:54:07 IST" name="assign" finished-at="2022-11-29T23:54:07 IST" duration-ms="5" status="PASS">
          <reporter-output>
          </reporter-output>
        </test-method> <!-- assign -->
      </class> <!-- Concatination.Concat -->
    </test> <!-- Test -->
  </suite> <!-- Suite -->
</testng-results>
